Terminal log file
Date: 14.06.2019 - 12:17:53
-----------------------------------------------
*NOTE-2019.06.14@12:18:03 - al enable
M2120 P0 S1
*NOTE-2019.06.14@12:18:14 - al dis
M2120 P0 S0
*NOTE-2019.06.14@12:18:31 - push pin up
M2120 P1 S0
*NOTE-2019.06.14@12:18:40 - push pin dwn
M2120 P1 S1
*NOTE-2019.06.14@12:18:54 - alrm release
M2120 P1 S2
*NOTE-2019.06.14@12:19:05 - nozzle
M2120 P7 S0
M2120 P6
*NOTE-2019.06.14@12:19:20 - ok
M2120 P2 S0.00
M2120 P1 S2
M2120 P1 S1
*NOTE-2019.06.14@12:20:40 - change interval 10-1-0,1-0,05-10
L2 S1
L2 S2
L2 S3
L2 S0
*NOTE-2019.06.14@12:21:09 - arrow up
M2120 P3 S0
*NOTE-2019.06.14@12:21:18 - arrow dwn
M2120 P4 S0
*NOTE-2019.06.14@12:21:27 - ok
M2120 P2 S0.00
M2120 P1 S2
*NOTE-2019.06.14@12:21:44 - zoff incr
*NOTE-2019.06.14@12:21:59 - zoff decr
*NOTE-2019.06.14@12:22:09 - ok
M2120 P2 S0.00
M2120 P1 S2
*NOTE-2019.06.14@12:22:24 - nozzle
M2120 P7 S0
M2120 P6
*NOTE-2019.06.14@12:22:39 - arrow up-down
M2120 P3 S0
M2120 P4 S0
*NOTE-2019.06.14@12:22:57 - zoff incr-decr
*NOTE-2019.06.14@12:23:27 - ok
M2120 P2 S1.00
M2120 P1 S2
*NOTE-2019.06.14@12:24:39 - back
G1 F1000 Z10
M2120 P5
M2120 P5
*NOTE-2019.06.14@12:25:31 - enter autolvl
M2120 P5
*NOTE-2019.06.14@12:26:19 - aotolvl dis
M2120 P0 S0
*NOTE-2019.06.14@12:26:56 - 3dtouch->cas->3dtouch
M2120 P9 S1
M2120 P9 S0

-----------------------------------------------
Date: 14.06.2019 - 12:27:30
End log file
