Terminal log file
Date: 23.05.2019 - 00:10:16
-----------------------------------------------
L21 P0 S0
L3 PS:0 VL:0 MT:0 FT:0 AL:0 ST:255 WF:0 FN: PG:0 TM:0 LA:0 LC:0
L21 P0 S0
L21 P0 S0
*NOTE-2019.05.23@00:10:21 - startup
L3 PS:0 VL:0 MT:0 FT:0 AL:0 ST:255 WF:0 FN: PG:0 TM:0 LA:0 LC:0
L21 P0 S0
L3 PS:0 VL:0 MT:0 FT:0 AL:0 ST:255 WF:0 FN: PG:0 TM:0 LA:0 LC:0
L1 X0.000 Y0.000 Z0.000 F0
L2 B:0.0 /0.0 /0 T0:0.0 /0.0 /0 T1:0.0 /0.0 /0 T2:0.0 /0.0 /0 SD:0 F0:0 F2:50 R:100 FR:0
L3 PS:0 VL:0 MT:0 FT:0 AL:0 ST:255 WF:0 FN: PG:0 TM:0 LA:0 LC:0
L7 begin file list:0
L7 P0 magnet_test.gcode
L7 P1 YACS.gcode
L7 P2 center_test.gcode
L7 P3 220-175_temp_tower.gcode
L7 P4 X_axis_LED_holder.gcode
L7 end file list:0
L9 DN:GEEETECH-A30;DM:A30;SN:181206A3001678C;FV:V1.xx.59;PV:330.00 x 342.00 x 420.00;HV:v3.5;
L2 B:-19.0 /0.0 /0 T0:-19.0 /0.0 /0 T1:-19.0 /0.0 /0 T2:-19.0 /0.0 /0 SD:0 F0:0 F2:50 R:100 FR:0
L21 P0 S0
L3 PS:0 VL:0 MT:0 FT:0 AL:0 ST:255 WF:0 FN: PG:0 TM:0 LA:0 LC:0
L21 P0 S0
L21 P0 S0
L3 PS:0 VL:0 MT:0 FT:0 AL:0 ST:255 WF:0 FN: PG:0 TM:0 LA:0 LC:0
L21 P0 S0
L21 P0 S0
L3 PS:0 VL:0 MT:0 FT:0 AL:0 ST:255 WF:0 FN: PG:0 TM:0 LA:0 LC:0
L21 P0 S0
L21 P0 S0
L3 PS:0 VL:0 MT:0 FT:0 AL:0 ST:255 WF:0 FN: PG:0 TM:0 LA:0 LC:0
L21 P0 S0
*NOTE-2019.05.23@00:10:44 - M21 ;Init SD
L21 P0 S0
L3 PS:0 VL:0 MT:0 FT:0 AL:0 ST:255 WF:0 FN: PG:0 TM:0 LA:0 LC:0
L21 P0 S0
L21 P0 S0
L3 PS:0 VL:0 MT:0 FT:0 AL:0 ST:255 WF:0 FN: PG:0 TM:0 LA:0 LC:0
L21 P0 S0
L21 P0 S0
L3 PS:0 VL:0 MT:0 FT:0 AL:0 ST:255 WF:0 FN: PG:0 TM:0 LA:0 LC:0
L21 P0 S0
L21 P0 S0
L3 PS:0 VL:0 MT:0 FT:0 AL:0 ST:255 WF:0 FN: PG:0 TM:0 LA:0 LC:0
L21 P0 S0
L21 P0 S0
L3 PS:0 VL:0 MT:0 FT:0 AL:0 ST:255 WF:0 FN: PG:0 TM:0 LA:0 LC:0
L21 P0 S0
L21 P0 S0
L3 PS:0 VL:0 MT:0 FT:0 AL:0 ST:255 WF:0 FN: PG:0 TM:0 LA:0 LC:0
L21 P0 S0
L21 P0 S0
L3 PS:0 VL:0 MT:0 FT:0 AL:0 ST:255 WF:0 FN: PG:0 TM:0 LA:0 LC:0
*NOTE-2019.05.23@00:11:11 - M20
L21 P0 S0
L21 P0 S0
L3 PS:0 VL:0 MT:0 FT:0 AL:0 ST:255 WF:0 FN: PG:0 TM:0 LA:0 LC:0
L21 P0 S0
L21 P0 S0
L3 PS:0 VL:0 MT:0 FT:0 AL:0 ST:255 WF:0 FN: PG:0 TM:0 LA:0 LC:0
L21 P0 S0
L21 P0 S0
L3 PS:0 VL:0 MT:0 FT:0 AL:0 ST:255 WF:0 FN: PG:0 TM:0 LA:0 LC:0
L21 P0 S0
L21 P0 S0
*NOTE-2019.05.23@00:11:27 - G91
L3 PS:0 VL:0 MT:0 FT:0 AL:0 ST:255 WF:0 FN: PG:0 TM:0 LA:0 LC:0
L21 P0 S0
L21 P0 S0
L3 PS:0 VL:0 MT:0 FT:0 AL:0 ST:255 WF:0 FN: PG:0 TM:0 LA:0 LC:0
L21 P0 S0
L21 P0 S0
L3 PS:0 VL:0 MT:0 FT:0 AL:0 ST:255 WF:0 FN: PG:0 TM:0 LA:0 LC:0
L21 P0 S0
L21 P0 S0
L3 PS:0 VL:0 MT:0 FT:0 AL:0 ST:255 WF:0 FN: PG:0 TM:0 LA:0 LC:0
L21 P0 S0
*NOTE-2019.05.23@00:11:42 - G0 X1 Y1 Z1 E1
L21 P0 S0
L1 X1.000 Y1.000 Z1.000 F0
L3 PS:0 VL:0 MT:1 FT:0 AL:0 ST:255 WF:0 FN: PG:0 TM:0 LA:0 LC:0
L21 P0 S0
L21 P0 S0
L3 PS:0 VL:0 MT:1 FT:0 AL:0 ST:255 WF:0 FN: PG:0 TM:0 LA:0 LC:0
L21 P0 S0
L21 P0 S0
L3 PS:0 VL:0 MT:1 FT:0 AL:0 ST:255 WF:0 FN: PG:0 TM:0 LA:0 LC:0
*NOTE-2019.05.23@00:11:54 - G0 X1 Y1 Z1 E1
L21 P0 S0
L1 X2.000 Y2.000 Z2.000 F0
L21 P0 S0
L3 PS:0 VL:0 MT:1 FT:0 AL:0 ST:255 WF:0 FN: PG:0 TM:0 LA:0 LC:0
L21 P0 S0
L21 P0 S0
L3 PS:0 VL:0 MT:1 FT:0 AL:0 ST:255 WF:0 FN: PG:0 TM:0 LA:0 LC:0
L21 P0 S0
L21 P0 S0
L3 PS:0 VL:0 MT:1 FT:0 AL:0 ST:255 WF:0 FN: PG:0 TM:0 LA:0 LC:0
L21 P0 S0
L21 P0 S0
L3 PS:0 VL:0 MT:1 FT:0 AL:0 ST:255 WF:0 FN: PG:0 TM:0 LA:0 LC:0
L21 P0 S0
L21 P0 S0
L3 PS:0 VL:0 MT:1 FT:0 AL:0 ST:255 WF:0 FN: PG:0 TM:0 LA:0 LC:0
L21 P0 S0
L21 P0 S0
L3 PS:0 VL:0 MT:1 FT:0 AL:0 ST:255 WF:0 FN: PG:0 TM:0 LA:0 LC:0
L21 P0 S0
L21 P0 S0
L3 PS:0 VL:0 MT:1 FT:0 AL:0 ST:255 WF:0 FN: PG:0 TM:0 LA:0 LC:0
*NOTE-2019.05.23@00:12:23 - G20
L21 P0 S0
L21 P0 S0
L3 PS:0 VL:0 MT:1 FT:0 AL:0 ST:255 WF:0 FN: PG:0 TM:0 LA:0 LC:0
L21 P0 S0
L21 P0 S0
L3 PS:0 VL:0 MT:1 FT:0 AL:0 ST:255 WF:0 FN: PG:0 TM:0 LA:0 LC:0
L21 P0 S0
*NOTE-2019.05.23@00:12:33 - G21
L21 P0 S0
L3 PS:0 VL:0 MT:1 FT:0 AL:0 ST:255 WF:0 FN: PG:0 TM:0 LA:0 LC:0
L21 P0 S0
L21 P0 S0
L3 PS:0 VL:0 MT:1 FT:0 AL:0 ST:255 WF:0 FN: PG:0 TM:0 LA:0 LC:0
L21 P0 S0
L21 P0 S0
L3 PS:0 VL:0 MT:1 FT:0 AL:0 ST:255 WF:0 FN: PG:0 TM:0 LA:0 LC:0
L21 P0 S0
L21 P0 S0
L3 PS:0 VL:0 MT:1 FT:0 AL:0 ST:255 WF:0 FN: PG:0 TM:0 LA:0 LC:0
*NOTE-2019.05.23@00:12:48 - G92 X0 Y0 Z0 E0
L21 P0 S0
L1 X0.000 Y0.000 Z0.000 F0
L21 P0 S0
L3 PS:0 VL:0 MT:1 FT:0 AL:0 ST:255 WF:0 FN: PG:0 TM:0 LA:0 LC:0
L21 P0 S0
L21 P0 S0
L3 PS:0 VL:0 MT:1 FT:0 AL:0 ST:255 WF:0 FN: PG:0 TM:0 LA:0 LC:0
L21 P0 S0
L21 P0 S0
L3 PS:0 VL:0 MT:1 FT:0 AL:0 ST:255 WF:0 FN: PG:0 TM:0 LA:0 LC:0
L21 P0 S0
L21 P0 S0
L3 PS:0 VL:0 MT:1 FT:0 AL:0 ST:255 WF:0 FN: PG:0 TM:0 LA:0 LC:0
L21 P0 S0
L21 P0 S0
L3 PS:0 VL:0 MT:1 FT:0 AL:0 ST:255 WF:0 FN: PG:0 TM:0 LA:0 LC:0
L21 P0 S0
L21 P0 S0
*NOTE-2019.05.23@00:13:12 - M140 S50 ;turn on bed
L3 PS:0 VL:0 MT:1 FT:0 AL:0 ST:255 WF:0 FN: PG:0 TM:0 LA:0 LC:0
L21 P0 S0
L2 B:-19.0 /50.0 /1 T0:-19.0 /0.0 /0 T1:-19.0 /0.0 /0 T2:-19.0 /0.0 /0 SD:0 F0:0 F2:71 R:100 FR:0
L21 P0 S0
L2 B:-19.0 /0.0 /0 T0:-19.0 /0.0 /0 T1:-19.0 /0.0 /0 T2:-19.0 /0.0 /0 SD:0 F0:0 F2:100 R:100 FR:0
L2 B:-19.0 /0.0 /0 T0:-19.0 /0.0 /0 T1:-19.0 /0.0 /0 T2:-19.0 /0.0 /0 SD:0 F0:0 F2:100 R:100 FR:0
L18 P26 S3
L3 PS:0 VL:0 MT:1 FT:0 AL:0 ST:255 WF:0 FN: PG:0 TM:0 LA:0 LC:0
L21 P0 S0
L21 P0 S0
L3 PS:0 VL:0 MT:1 FT:0 AL:0 ST:255 WF:0 FN: PG:0 TM:0 LA:0 LC:0
L21 P0 S0
L21 P0 S0
L3 PS:0 VL:0 MT:1 FT:0 AL:0 ST:255 WF:0 FN: PG:0 TM:0 LA:0 LC:0
L21 P0 S0
L21 P0 S0
L3 PS:0 VL:0 MT:1 FT:0 AL:0 ST:255 WF:0 FN: PG:0 TM:0 LA:0 LC:0
L21 P0 S0
*NOTE-2019.05.23@00:13:32 - M104 S185 T0 ;turn on extruder
L21 P0 S0
L2 B:-19.0 /0.0 /0 T0:-19.0 /185.0 /1 T1:-19.0 /0.0 /0 T2:-19.0 /0.0 /0 SD:0 F0:0 F2:71 R:100 FR:0
L3 PS:0 VL:0 MT:1 FT:0 AL:0 ST:255 WF:0 FN: PG:0 TM:0 LA:0 LC:0
L21 P0 S0
L2 B:-19.0 /0.0 /0 T0:-19.0 /0.0 /0 T1:-19.0 /0.0 /0 T2:-19.0 /0.0 /0 SD:0 F0:0 F2:100 R:100 FR:0
L2 B:-19.0 /0.0 /0 T0:-19.0 /0.0 /0 T1:-19.0 /0.0 /0 T2:-19.0 /0.0 /0 SD:0 F0:0 F2:100 R:100 FR:0
L18 P26 S2
L21 P0 S0
L3 PS:0 VL:0 MT:1 FT:0 AL:0 ST:255 WF:0 FN: PG:0 TM:0 LA:0 LC:0
L21 P0 S0
L21 P0 S0
L3 PS:0 VL:0 MT:1 FT:0 AL:0 ST:255 WF:0 FN: PG:0 TM:0 LA:0 LC:0
L21 P0 S0
*NOTE-2019.05.23@00:13:44 - M105 from LCD
L2 B:-19.0 /0.0 /0 T0:-19.0 /0.0 /0 T1:-19.0 /0.0 /0 T2:-19.0 /0.0 /0 SD:0 F0:0 F2:71 R:100 FR:0
L21 P0 S0
L3 PS:0 VL:0 MT:1 FT:0 AL:0 ST:255 WF:0 FN: PG:0 TM:0 LA:0 LC:0
L21 P0 S0
L21 P0 S0
L3 PS:0 VL:0 MT:1 FT:0 AL:0 ST:255 WF:0 FN: PG:0 TM:0 LA:0 LC:0
L21 P0 S0
L21 P0 S0
L3 PS:0 VL:0 MT:1 FT:0 AL:0 ST:255 WF:0 FN: PG:0 TM:0 LA:0 LC:0
L21 P0 S0
L21 P0 S0
L3 PS:0 VL:0 MT:1 FT:0 AL:0 ST:255 WF:0 FN: PG:0 TM:0 LA:0 LC:0
L21 P0 S0
L21 P0 S0
L3 PS:0 VL:0 MT:1 FT:0 AL:0 ST:255 WF:0 FN: PG:0 TM:0 LA:0 LC:0
L21 P0 S0
L21 P0 S0
L3 PS:0 VL:0 MT:1 FT:0 AL:0 ST:255 WF:0 FN: PG:0 TM:0 LA:0 LC:0
L21 P0 S0
L21 P0 S0
L3 PS:0 VL:0 MT:1 FT:0 AL:0 ST:255 WF:0 FN: PG:0 TM:0 LA:0 LC:0
L21 P0 S0
*NOTE-2019.05.23@00:14:13 - M104 S0
L21 P0 S0
L3 PS:0 VL:0 MT:1 FT:0 AL:0 ST:255 WF:0 FN: PG:0 TM:0 LA:0 LC:0
L21 P0 S0
L21 P0 S0
L3 PS:0 VL:0 MT:1 FT:0 AL:0 ST:255 WF:0 FN: PG:0 TM:0 LA:0 LC:0
L21 P0 S0
L21 P0 S0
L3 PS:0 VL:0 MT:1 FT:0 AL:0 ST:255 WF:0 FN: PG:0 TM:0 LA:0 LC:0
L21 P0 S0
*NOTE-2019.05.23@00:14:27 - M140 S0
L21 P0 S0
L3 PS:0 VL:0 MT:1 FT:0 AL:0 ST:255 WF:0 FN: PG:0 TM:0 LA:0 LC:0
L21 P0 S0
L21 P0 S0
L3 PS:0 VL:0 MT:1 FT:0 AL:0 ST:255 WF:0 FN: PG:0 TM:0 LA:0 LC:0
L21 P0 S0
L21 P0 S0
L3 PS:0 VL:0 MT:1 FT:0 AL:0 ST:255 WF:0 FN: PG:0 TM:0 LA:0 LC:0
L21 P0 S0
L21 P0 S0
L3 PS:0 VL:0 MT:1 FT:0 AL:0 ST:255 WF:0 FN: PG:0 TM:0 LA:0 LC:0
L21 P0 S0
L21 P0 S0
L3 PS:0 VL:0 MT:1 FT:0 AL:0 ST:255 WF:0 FN: PG:0 TM:0 LA:0 LC:0
L21 P0 S0
L21 P0 S0
L3 PS:0 VL:0 MT:0 FT:0 AL:0 ST:255 WF:0 FN: PG:0 TM:0 LA:0 LC:0
L21 P0 S0
*NOTE-2019.05.23@00:14:51 - M106 S255 ;fan on
L21 P0 S0
L2 B:-19.0 /0.0 /0 T0:-19.0 /0.0 /0 T1:-19.0 /0.0 /0 T2:-19.0 /0.0 /0 SD:0 F0:100 F2:71 R:100 FR:0
L3 PS:0 VL:0 MT:0 FT:0 AL:0 ST:255 WF:0 FN: PG:0 TM:0 LA:0 LC:0
L21 P0 S0
L21 P0 S0
L3 PS:0 VL:0 MT:0 FT:0 AL:0 ST:255 WF:0 FN: PG:0 TM:0 LA:0 LC:0
L21 P0 S0
L21 P0 S0
L3 PS:0 VL:0 MT:0 FT:0 AL:0 ST:255 WF:0 FN: PG:0 TM:0 LA:0 LC:0
L21 P0 S0
L21 P0 S0
L3 PS:0 VL:0 MT:0 FT:0 AL:0 ST:255 WF:0 FN: PG:0 TM:0 LA:0 LC:0
L21 P0 S0
L21 P0 S0
*NOTE-2019.05.23@00:15:10 - M106 P2 S255 ;fan2 on
L3 PS:0 VL:0 MT:0 FT:0 AL:0 ST:255 WF:0 FN: PG:0 TM:0 LA:0 LC:0
L21 P0 S0
L21 P0 S0
L3 PS:0 VL:0 MT:0 FT:0 AL:0 ST:255 WF:0 FN: PG:0 TM:0 LA:0 LC:0
L21 P0 S0
L21 P0 S0
L3 PS:0 VL:0 MT:0 FT:0 AL:0 ST:255 WF:0 FN: PG:0 TM:0 LA:0 LC:0
L21 P0 S0
L21 P0 S0
L3 PS:0 VL:0 MT:0 FT:0 AL:0 ST:255 WF:0 FN: PG:0 TM:0 LA:0 LC:0
L21 P0 S0
L21 P0 S0
L3 PS:0 VL:0 MT:0 FT:0 AL:0 ST:255 WF:0 FN: PG:0 TM:0 LA:0 LC:0
L21 P0 S0
L21 P0 S0
L3 PS:0 VL:0 MT:0 FT:0 AL:0 ST:255 WF:0 FN: PG:0 TM:0 LA:0 LC:0
L21 P0 S0
L21 P0 S0
*NOTE-2019.05.23@00:15:35 - M105 LCD
L3 PS:0 VL:0 MT:0 FT:0 AL:0 ST:255 WF:0 FN: PG:0 TM:0 LA:0 LC:0
L2 B:-19.0 /0.0 /0 T0:-19.0 /0.0 /0 T1:-19.0 /0.0 /0 T2:-19.0 /0.0 /0 SD:0 F0:100 F2:100 R:100 FR:0
L21 P0 S0
L21 P0 S0
L3 PS:0 VL:0 MT:0 FT:0 AL:0 ST:255 WF:0 FN: PG:0 TM:0 LA:0 LC:0
L21 P0 S0
L21 P0 S0
L3 PS:0 VL:0 MT:0 FT:0 AL:0 ST:255 WF:0 FN: PG:0 TM:0 LA:0 LC:0
L21 P0 S0
L21 P0 S0
L3 PS:0 VL:0 MT:0 FT:0 AL:0 ST:255 WF:0 FN: PG:0 TM:0 LA:0 LC:0
L21 P0 S0
L21 P0 S0
L3 PS:0 VL:0 MT:0 FT:0 AL:0 ST:255 WF:0 FN: PG:0 TM:0 LA:0 LC:0
L21 P0 S0
L21 P0 S0
L3 PS:0 VL:0 MT:0 FT:0 AL:0 ST:255 WF:0 FN: PG:0 TM:0 LA:0 LC:0
L21 P0 S0
L21 P0 S0
*NOTE-2019.05.23@00:16:01 - M107
L3 PS:0 VL:0 MT:0 FT:0 AL:0 ST:255 WF:0 FN: PG:0 TM:0 LA:0 LC:0
L21 P0 S0
L2 B:-19.0 /0.0 /0 T0:-19.0 /0.0 /0 T1:-19.0 /0.0 /0 T2:-19.0 /0.0 /0 SD:0 F0:0 F2:100 R:100 FR:0
L21 P0 S0
L3 PS:0 VL:0 MT:0 FT:0 AL:0 ST:255 WF:0 FN: PG:0 TM:0 LA:0 LC:0
L21 P0 S0
L21 P0 S0
L3 PS:0 VL:0 MT:0 FT:0 AL:0 ST:255 WF:0 FN: PG:0 TM:0 LA:0 LC:0
L21 P0 S0
L21 P0 S0
L3 PS:0 VL:0 MT:0 FT:0 AL:0 ST:255 WF:0 FN: PG:0 TM:0 LA:0 LC:0
L21 P0 S0
L21 P0 S0
L3 PS:0 VL:0 MT:0 FT:0 AL:0 ST:255 WF:0 FN: PG:0 TM:0 LA:0 LC:0
L21 P0 S0
*NOTE-2019.05.23@00:16:19 - M107 P2
L21 P0 S0
L3 PS:0 VL:0 MT:0 FT:0 AL:0 ST:255 WF:0 FN: PG:0 TM:0 LA:0 LC:0
L21 P0 S0
L21 P0 S0
L3 PS:0 VL:0 MT:0 FT:0 AL:0 ST:255 WF:0 FN: PG:0 TM:0 LA:0 LC:0
L21 P0 S0
*NOTE-2019.05.23@00:16:28 - M105 LCD
L21 P0 S0
L2 B:-19.0 /0.0 /0 T0:-19.0 /0.0 /0 T1:-19.0 /0.0 /0 T2:-19.0 /0.0 /0 SD:0 F0:0 F2:0 R:100 FR:0
L3 PS:0 VL:0 MT:0 FT:0 AL:0 ST:255 WF:0 FN: PG:0 TM:0 LA:0 LC:0
L21 P0 S0
L21 P0 S0
L3 PS:0 VL:0 MT:0 FT:0 AL:0 ST:255 WF:0 FN: PG:0 TM:0 LA:0 LC:0
L21 P0 S0
L21 P0 S0
L3 PS:0 VL:0 MT:0 FT:0 AL:0 ST:255 WF:0 FN: PG:0 TM:0 LA:0 LC:0
L21 P0 S0
L21 P0 S0
L3 PS:0 VL:0 MT:0 FT:0 AL:0 ST:255 WF:0 FN: PG:0 TM:0 LA:0 LC:0
L21 P0 S0
L21 P0 S0
L3 PS:0 VL:0 MT:0 FT:0 AL:0 ST:255 WF:0 FN: PG:0 TM:0 LA:0 LC:0
L21 P0 S0
L21 P0 S0
*NOTE-2019.05.23@00:16:51 - M117 ETE hurz! ;displ message
L3 PS:0 VL:0 MT:0 FT:0 AL:0 ST:255 WF:0 FN: PG:0 TM:0 LA:0 LC:0
L21 P0 S0
L14 E hurz!
L21 P0 S0
L3 PS:0 VL:0 MT:0 FT:0 AL:0 ST:255 WF:0 FN: PG:0 TM:0 LA:0 LC:0
L21 P0 S0
L21 P0 S0
L3 PS:0 VL:0 MT:0 FT:0 AL:0 ST:255 WF:0 FN: PG:0 TM:0 LA:0 LC:0
L21 P0 S0
L21 P0 S0
L3 PS:0 VL:0 MT:0 FT:0 AL:0 ST:255 WF:0 FN: PG:0 TM:0 LA:0 LC:0
L21 P0 S0
L21 P0 S0
L3 PS:0 VL:0 MT:0 FT:0 AL:0 ST:255 WF:0 FN: PG:0 TM:0 LA:0 LC:0
L21 P0 S0
L21 P0 S0
L3 PS:0 VL:0 MT:0 FT:0 AL:0 ST:255 WF:0 FN: PG:0 TM:0 LA:0 LC:0
L21 P0 S0
*NOTE-2019.05.23@00:17:14 - M220 150 ;speed fact in percent   #####didn't work, forgot 'S' has to be M220 S150
L21 P0 S0
L3 PS:0 VL:0 MT:0 FT:0 AL:0 ST:255 WF:0 FN: PG:0 TM:0 LA:0 LC:0
L21 P0 S0
L21 P0 S0
L3 PS:0 VL:0 MT:0 FT:0 AL:0 ST:255 WF:0 FN: PG:0 TM:0 LA:0 LC:0
L21 P0 S0
*NOTE-2019.05.23@00:17:22 - M105 LCD
L2 B:-19.0 /0.0 /0 T0:-19.0 /0.0 /0 T1:-19.0 /0.0 /0 T2:-19.0 /0.0 /0 SD:0 F0:0 F2:100 R:100 FR:0
L21 P0 S0
L3 PS:0 VL:0 MT:0 FT:0 AL:0 ST:255 WF:0 FN: PG:0 TM:0 LA:0 LC:0
L21 P0 S0
L21 P0 S0
L3 PS:0 VL:0 MT:0 FT:0 AL:0 ST:255 WF:0 FN: PG:0 TM:0 LA:0 LC:0
L21 P0 S0
L21 P0 S0
L3 PS:0 VL:0 MT:0 FT:0 AL:0 ST:255 WF:0 FN: PG:0 TM:0 LA:0 LC:0
L21 P0 S0
L21 P0 S0
L3 PS:0 VL:0 MT:0 FT:0 AL:0 ST:255 WF:0 FN: PG:0 TM:0 LA:0 LC:0
L21 P0 S0
L21 P0 S0
L3 PS:0 VL:0 MT:0 FT:0 AL:0 ST:255 WF:0 FN: PG:0 TM:0 LA:0 LC:0
L21 P0 S0
L21 P0 S0
L3 PS:0 VL:0 MT:0 FT:0 AL:0 ST:255 WF:0 FN: PG:0 TM:0 LA:0 LC:0
L21 P0 S0
L21 P0 S0
L3 PS:0 VL:0 MT:0 FT:0 AL:0 ST:255 WF:0 FN: PG:0 TM:0 LA:0 LC:0
L21 P0 S0
L21 P0 S0
*NOTE-2019.05.23@00:17:53 - M2226 S0 ;disable fil dect
L3 PS:0 VL:0 MT:0 FT:0 AL:0 ST:255 WF:0 FN: PG:0 TM:0 LA:0 LC:0
L21 P0 S0
L21 P0 S0
L3 PS:0 VL:0 MT:0 FT:0 AL:0 ST:255 WF:0 FN: PG:0 TM:0 LA:0 LC:0
L21 P0 S0
L21 P0 S0
L3 PS:0 VL:0 MT:0 FT:0 AL:0 ST:255 WF:0 FN: PG:0 TM:0 LA:0 LC:0
L21 P0 S0
L21 P0 S0
L3 PS:0 VL:0 MT:0 FT:0 AL:0 ST:255 WF:0 FN: PG:0 TM:0 LA:0 LC:0
*NOTE-2019.05.23@00:18:07 - M105LCD
L21 P0 S0
L2 B:-19.0 /0.0 /0 T0:-19.0 /0.0 /0 T1:-19.0 /0.0 /0 T2:-19.0 /0.0 /0 SD:0 F0:0 F2:100 R:100 FR:0
L21 P0 S0
L3 PS:0 VL:0 MT:0 FT:0 AL:0 ST:255 WF:0 FN: PG:0 TM:0 LA:0 LC:0
L21 P0 S0
L21 P0 S0
L3 PS:0 VL:0 MT:0 FT:0 AL:0 ST:255 WF:0 FN: PG:0 TM:0 LA:0 LC:0
L21 P0 S0
L21 P0 S0
L3 PS:0 VL:0 MT:0 FT:0 AL:0 ST:255 WF:0 FN: PG:0 TM:0 LA:0 LC:0
L21 P0 S0
L21 P0 S0
L3 PS:0 VL:0 MT:0 FT:0 AL:0 ST:255 WF:0 FN: PG:0 TM:0 LA:0 LC:0
L21 P0 S0
L21 P0 S0
L3 PS:0 VL:0 MT:0 FT:0 AL:0 ST:255 WF:0 FN: PG:0 TM:0 LA:0 LC:0
L21 P0 S0
L21 P0 S0
*NOTE-2019.05.23@00:18:31 - M2226 S1 ;en fil dect
L3 PS:0 VL:0 MT:0 FT:0 AL:0 ST:255 WF:0 FN: PG:0 TM:0 LA:0 LC:0
L21 P0 S0
L21 P0 S0
L3 PS:0 VL:0 MT:0 FT:0 AL:0 ST:255 WF:0 FN: PG:0 TM:0 LA:0 LC:0
L21 P0 S0
L21 P0 S0
L3 PS:0 VL:0 MT:0 FT:0 AL:0 ST:255 WF:0 FN: PG:0 TM:0 LA:0 LC:0
*NOTE-2019.05.23@00:18:41 - M105 LCD
L21 P0 S0
L2 B:-19.0 /0.0 /0 T0:-19.0 /0.0 /0 T1:-19.0 /0.0 /0 T2:-19.0 /0.0 /0 SD:0 F0:0 F2:100 R:100 FR:0
L21 P0 S0
L3 PS:0 VL:0 MT:0 FT:0 AL:0 ST:255 WF:0 FN: PG:0 TM:0 LA:0 LC:0
L21 P0 S0
L21 P0 S0
L3 PS:0 VL:0 MT:0 FT:0 AL:0 ST:255 WF:0 FN: PG:0 TM:0 LA:0 LC:0
L21 P0 S0
L21 P0 S0
L3 PS:0 VL:0 MT:0 FT:0 AL:0 ST:255 WF:0 FN: PG:0 TM:0 LA:0 LC:0
L21 P0 S0
L21 P0 S0
L3 PS:0 VL:0 MT:0 FT:0 AL:0 ST:255 WF:0 FN: PG:0 TM:0 LA:0 LC:0
L21 P0 S0
L21 P0 S0
L3 PS:0 VL:0 MT:0 FT:0 AL:0 ST:255 WF:0 FN: PG:0 TM:0 LA:0 LC:0
L21 P0 S0
*NOTE-2019.05.23@00:19:04 - M2555 ;reset
L21 P0 S0
L4 WT:0 CF:255 AP:0 SS:0 RS:0 RE:0 RI:: RA:: SA::
L3 PS:0 VL:0 MT:0 FT:0 AL:0 ST:255 WF:0 FN: PG:0 TM:0 LA:0 LC:0
L21 P0 S0
L21 P0 S0
L3 PS:0 VL:0 MT:0 FT:0 AL:0 ST:255 WF:0 FN: PG:0 TM:0 LA:0 LC:0
L21 P0 S0
L21 P0 S0

-----------------------------------------------
Date: 23.05.2019 - 00:19:13
End log file

Terminal log file
Date: 23.05.2019 - 00:22:15
-----------------------------------------------
L21 P0 S0
L21 P0 S0
L3 PS:0 VL:0 MT:0 FT:0 AL:0 ST:255 WF:0 FN: PG:0 TM:0 LA:0 LC:0
L21 P0 S0
L21 P0 S0
L3 PS:0 VL:0 MT:0 FT:0 AL:0 ST:255 WF:0 FN: PG:0 TM:0 LA:0 LC:0
L21 P0 S0
L21 P0 S0
L3 PS:0 VL:0 MT:0 FT:0 AL:0 ST:255 WF:0 FN: PG:0 TM:0 LA:0 LC:0
L21 P0 S0
L21 P0 S0
L3 PS:0 VL:0 MT:0 FT:0 AL:0 ST:255 WF:0 FN: PG:0 TM:0 LA:0 LC:0
*NOTE-2019.05.23@00:22:32 - M17 ;stepper en
L21 P0 S0
L3 PS:0 VL:0 MT:1 FT:0 AL:0 ST:255 WF:0 FN: PG:0 TM:0 LA:0 LC:0
L21 P0 S0
L21 P0 S0
L3 PS:0 VL:0 MT:1 FT:0 AL:0 ST:255 WF:0 FN: PG:0 TM:0 LA:0 LC:0
L21 P0 S0
L21 P0 S0
L3 PS:0 VL:0 MT:1 FT:0 AL:0 ST:255 WF:0 FN: PG:0 TM:0 LA:0 LC:0
L21 P0 S0
L21 P0 S0
L3 PS:0 VL:0 MT:1 FT:0 AL:0 ST:255 WF:0 FN: PG:0 TM:0 LA:0 LC:0
L21 P0 S0
*NOTE-2019.05.23@00:22:47 - M18 ;stepper dis
L21 P0 S0
L3 PS:0 VL:0 MT:0 FT:0 AL:0 ST:255 WF:0 FN: PG:0 TM:0 LA:0 LC:0
L21 P0 S0

-----------------------------------------------
Date: 23.05.2019 - 00:22:52
End log file
